0 info it worked if it ends with ok
1 verbose cli [ '/Users/slooker/.nvm/versions/node/v0.12.7/bin/node',
1 verbose cli   '/Users/slooker/.nvm/versions/node/v0.12.7/bin/npm',
1 verbose cli   'publish',
1 verbose cli   '--force' ]
2 info using npm@2.11.3
3 info using node@v0.12.7
4 warn using --force I sure hope you know what you are doing.
5 verbose publish [ '.' ]
6 silly cache add args [ '.', null ]
7 verbose cache add spec .
8 silly cache add parsed spec { raw: '.',
8 silly cache add   scope: null,
8 silly cache add   name: null,
8 silly cache add   rawSpec: '.',
8 silly cache add   spec: '/Users/slooker/code/simple-express-json-logger',
8 silly cache add   type: 'directory' }
9 verbose addLocalDirectory /Users/slooker/.npm/simple-express-json-logger/1.0.13/package.tgz not in flight; packing
10 verbose tar pack [ '/Users/slooker/.npm/simple-express-json-logger/1.0.13/package.tgz',
10 verbose tar pack   '/Users/slooker/code/simple-express-json-logger' ]
11 verbose tarball /Users/slooker/.npm/simple-express-json-logger/1.0.13/package.tgz
12 verbose folder /Users/slooker/code/simple-express-json-logger
13 info prepublish simple-express-json-logger@1.0.13
14 verbose addLocalTarball adding from inside cache /Users/slooker/.npm/simple-express-json-logger/1.0.13/package.tgz
15 silly cache afterAdd simple-express-json-logger@1.0.13
16 verbose afterAdd /Users/slooker/.npm/simple-express-json-logger/1.0.13/package/package.json not in flight; writing
17 verbose afterAdd /Users/slooker/.npm/simple-express-json-logger/1.0.13/package/package.json written
18 silly publish { name: 'simple-express-json-logger',
18 silly publish   version: '1.0.13',
18 silly publish   description: 'A simple middleware for express that logs in a json format.',
18 silly publish   main: 'index.js',
18 silly publish   scripts: { test: 'echo "Error: no test specified" && exit 1' },
18 silly publish   repository:
18 silly publish    { type: 'git',
18 silly publish      url: 'git+https://github.com/wedgies/simple-express-json-logger.git' },
18 silly publish   bugs: { url: 'https://github.com/wedgies/simple-express-json-logger/issues' },
18 silly publish   keywords: [ 'middleware', 'node.js', 'logging', 'json' ],
18 silly publish   author: { name: 'Shawn Looker' },
18 silly publish   license: 'ISC',
18 silly publish   dependencies: { 'on-headers': '^1.0.1' },
18 silly publish   readme: '# simple-express-json-logger\n\nsimple-express-json-logger is a simple express middleware that will output a very simple log in JSON format.  It has no options, nor does it have any customization yet.\n\nrequestTimeLength is in milliseconds.\n\n## Usage\n\n    var express = require(\'express\');\n    var simpleJsonLogger = require(\'simple-express-json-logger\');\n    // Setup your express app\n    var app = express();\n    app.use(simpleJsonLogger());\n\nNow on every request, you\'ll get something similar to this:\n\n    {"path":"/","method":"GET","requestTimeLength":"6.55","ua":"Mozilla/5.0 (Macintosh; Intel Mac OS X 10_10_5) AppleWebKit/537.36 (KHTML, like Gecko) Chrome/46.0.2490.71 Safari/537.36","ip":"::1","time":"2015-10-21 13:35:37"}\n\n### Logstash UDP support ###\n\nIf you supply a host and a port when you initiate simple-express-json-logger, you\'ll get log entries to your UDP server.\n\n    var express = require(\'express\');\n    var simpleJsonLogger = require(\'simple-express-json-logger\');\n    // Setup your express app\n    var app = express();\n    // Send message via udp to logstash.server.com:12345\n    app.use(simpleJsonLogger(\'logstash.server.com\', 12345));\n\nSetup your logstash server like so:\n\n    input {\n      udp {\n        port => 12345\n        type => \'node-logs\' // Or whatever you want the logs to show up as \n        codec => \'json\'\n      }\n      output {\n        // Whatever you want\n      }\n    }\n\nYou can also use the optional flag to turn off the console.log message so you can get only the UDP message sent.\n\n    app.use(simpleJsonLogger(\'logstash.server.com\', 12345, { disableConsole: true }));\n\nYou can log environmental variables as well, like by adding them to the array in your options:\n\n    app.use(simpleJsonLogger(\'logstash.server.com\', 12345, {\n      loggedFromEnv: [\'envVar1\', \'envVar2\']\n    ));\n\nYou can also add arbitrary tags that will get forwarded to your logs.  \n\n    app.use(simpleJsonLogger(\'logstash.server.com\', 12345, {\n      tags: [\'web server 1\', \'staging environment\']\n    ));\n\n## License ##\n\nsimple-express-json-logger is licensed under ISC.\n\n## About ##\n\nsimple-express-json-logger was developed by the team at [Wedgies](http://www.wedgies.com).\n\nWedgies is a digital survey platform that gives media, journalists and brands in-line survey capabilities inside social media, their website, and their apps — where they can collect millions of opinions from their readers and users. Wedgies is the leading social survey platform that enables publishers to collect survey respondents directly within social media streams.\n\nWedgies, a darling of Tony Hsieh’s Las Vegas’ Vegas Tech Fund, is backed by an all-star list of investors including Greycroft, Advancit Capital, MESA Ventures, Knight Foundation, kbs+ Ventures, Battle Born Ventures, Twilio, 500 Startups and SV Angel.\n\nWedgies founding team consists of top talent in developer tools and community management with experience that includes Zappos.com, Overstock.com, and Backcountry.com.\n\n[![Built with Wedgies](https://d3v9r9uda02hel.cloudfront.net/production/1.55.17/img/built-with-wedgies.png)](http://wedgies.com)\n',
18 silly publish   readmeFilename: 'README.md',
18 silly publish   gitHead: '05a5c5399638d3b0e3405a8ac24bb32a58eac59e',
18 silly publish   homepage: 'https://github.com/wedgies/simple-express-json-logger#readme',
18 silly publish   _id: 'simple-express-json-logger@1.0.13',
18 silly publish   _shasum: '1fb55ab2a469e5ecc25bfd351b7ecc81bcf06633',
18 silly publish   _from: '.' }
19 verbose getPublishConfig undefined
20 silly mapToRegistry name simple-express-json-logger
21 silly mapToRegistry using default registry
22 silly mapToRegistry registry https://registry.npmjs.org/
23 silly mapToRegistry uri https://registry.npmjs.org/simple-express-json-logger
24 verbose publish registryBase https://registry.npmjs.org/
25 silly publish uploading /Users/slooker/.npm/simple-express-json-logger/1.0.13/package.tgz
26 verbose request uri https://registry.npmjs.org/simple-express-json-logger
27 verbose request sending authorization for write operation
28 info attempt registry request try #1 at 9:48:31 PM
29 verbose request using bearer token for auth
30 verbose request id 48a21ea7fde7777e
31 http request PUT https://registry.npmjs.org/simple-express-json-logger
32 http 403 https://registry.npmjs.org/simple-express-json-logger
33 verbose headers { 'content-type': 'application/json',
33 verbose headers   'cache-control': 'max-age=60',
33 verbose headers   'content-length': '96',
33 verbose headers   'accept-ranges': 'bytes',
33 verbose headers   date: 'Tue, 10 Nov 2015 05:48:31 GMT',
33 verbose headers   via: '1.1 varnish',
33 verbose headers   connection: 'keep-alive',
33 verbose headers   'x-served-by': 'cache-lax1423-LAX',
33 verbose headers   'x-cache': 'MISS',
33 verbose headers   'x-cache-hits': '0',
33 verbose headers   'x-timer': 'S1447134511.284886,VS0,VE219' }
34 verbose request invalidating /Users/slooker/.npm/registry.npmjs.org/simple-express-json-logger on PUT
35 error publish Failed PUT 403
36 verbose stack Error: "You cannot publish over the previously published version 1.0.13." : simple-express-json-logger
36 verbose stack     at CachingRegistryClient.<anonymous> (/Users/slooker/.nvm/versions/node/v0.12.7/lib/node_modules/npm/node_modules/npm-registry-client/lib/request.js:247:14)
36 verbose stack     at Request._callback (/Users/slooker/.nvm/versions/node/v0.12.7/lib/node_modules/npm/node_modules/npm-registry-client/lib/request.js:170:14)
36 verbose stack     at Request.self.callback (/Users/slooker/.nvm/versions/node/v0.12.7/lib/node_modules/npm/node_modules/request/request.js:354:22)
36 verbose stack     at Request.emit (events.js:110:17)
36 verbose stack     at Request.<anonymous> (/Users/slooker/.nvm/versions/node/v0.12.7/lib/node_modules/npm/node_modules/request/request.js:1207:14)
36 verbose stack     at Request.emit (events.js:129:20)
36 verbose stack     at IncomingMessage.<anonymous> (/Users/slooker/.nvm/versions/node/v0.12.7/lib/node_modules/npm/node_modules/request/request.js:1153:12)
36 verbose stack     at IncomingMessage.emit (events.js:129:20)
36 verbose stack     at _stream_readable.js:908:16
36 verbose stack     at process._tickCallback (node.js:355:11)
37 verbose statusCode 403
38 verbose pkgid simple-express-json-logger
39 verbose cwd /Users/slooker/code/simple-express-json-logger
40 error Darwin 14.5.0
41 error argv "/Users/slooker/.nvm/versions/node/v0.12.7/bin/node" "/Users/slooker/.nvm/versions/node/v0.12.7/bin/npm" "publish" "--force"
42 error node v0.12.7
43 error npm  v2.11.3
44 error code E403
45 error "You cannot publish over the previously published version 1.0.13." : simple-express-json-logger
46 error If you need help, you may report this error at:
46 error     <https://github.com/npm/npm/issues>
47 verbose exit [ 1, true ]
